<?xml version="1.0" encoding="UTF-8"?>
<!-- Generated by org.testng.reporters.JUnitReportReporter -->
<testsuite hostname="ElmerPC" failures="0" tests="5" name="Testcases.TC001" time="8.988" errors="0" timestamp="2023-01-29T14:24:25 CST" skipped="0">
  <testcase classname="Testcases.TC001" name="search" time="4.096"/>
  <system-out/>
  <testcase classname="Testcases.TC001" name="northamerica" time="3.679"/>
  <system-out/>
  <testcase classname="Testcases.TC001" name="centralamerica" time="0.548"/>
  <system-out/>
  <testcase classname="Testcases.TC001" name="asia" time="0.454"/>
  <system-out/>
  <testcase classname="Testcases.TC001" name="close" time="0.211"/>
  <system-out/>
</testsuite> <!-- Testcases.TC001 -->
